<?xml version="1.0" encoding="UTF-8"?>
<robot generator="Robot 7.0.1 (Python 3.11.9 on win32)" generated="2024-12-02T16:51:59.901167" rpa="false" schemaversion="5">
<suite id="s1" name="Suites">
<suite id="s1-s1" name="LoginTestPOM" source="C:\KKK\Python\Python\kkk\robotframework\POMTestcases\LoginTestPOM.robot">
<test id="s1-s1-t1" name="Login Test" line="14">
<kw name="Open my Browser" owner="login_keywords">
<kw name="Open Browser" owner="SeleniumLibrary">
<msg time="2024-12-02T16:52:00.331440" level="INFO">Opening browser 'headlessfirefox' to base url 'https://www.demo.guru99.com/test/newtours/'.</msg>
<msg time="2024-12-02T16:52:50.588242" level="INFO">Cannot capture screenshot because no browser is open.</msg>
<msg time="2024-12-02T16:52:50.588242" level="FAIL">NoSuchDriverException: Message: Unable to obtain driver for firefox; For documentation on this error, please visit: https://www.selenium.dev/documentation/webdriver/troubleshooting/errors/driver_location
</msg>
<arg>${siteurl}</arg>
<arg>${browser}</arg>
<doc>Opens a new browser instance to the optional ``url``.</doc>
<status status="FAIL" start="2024-12-02T16:52:00.327928" elapsed="50.311115">NoSuchDriverException: Message: Unable to obtain driver for firefox; For documentation on this error, please visit: https://www.selenium.dev/documentation/webdriver/troubleshooting/errors/driver_location
</status>
</kw>
<kw name="Maximize Browser Window" owner="SeleniumLibrary">
<doc>Maximizes current browser window.</doc>
<status status="NOT RUN" start="2024-12-02T16:52:50.646899" elapsed="0.000000"/>
</kw>
<arg>${url}</arg>
<arg>${Browser}</arg>
<status status="FAIL" start="2024-12-02T16:52:00.327928" elapsed="50.318971">NoSuchDriverException: Message: Unable to obtain driver for firefox; For documentation on this error, please visit: https://www.selenium.dev/documentation/webdriver/troubleshooting/errors/driver_location
</status>
</kw>
<kw name="Enter Login username" owner="login_keywords">
<arg>${UserName}</arg>
<status status="NOT RUN" start="2024-12-02T16:52:50.646899" elapsed="0.000000"/>
</kw>
<kw name="Enter Login password" owner="login_keywords">
<arg>${PassWord}</arg>
<status status="NOT RUN" start="2024-12-02T16:52:50.648412" elapsed="0.000000"/>
</kw>
<kw name="Click SignIn" owner="login_keywords">
<status status="NOT RUN" start="2024-12-02T16:52:50.648412" elapsed="0.000000"/>
</kw>
<kw name="Sleep" owner="BuiltIn">
<arg>2</arg>
<doc>Pauses the test executed for the given time.</doc>
<status status="NOT RUN" start="2024-12-02T16:52:50.648412" elapsed="0.000000"/>
</kw>
<kw name="Verify login" owner="login_keywords">
<status status="NOT RUN" start="2024-12-02T16:52:50.648412" elapsed="0.000000"/>
</kw>
<kw name="Close my browser" owner="login_keywords">
<status status="NOT RUN" start="2024-12-02T16:52:50.648412" elapsed="0.000000"/>
</kw>
<status status="FAIL" start="2024-12-02T16:52:00.327928" elapsed="50.320484">NoSuchDriverException: Message: Unable to obtain driver for firefox; For documentation on this error, please visit: https://www.selenium.dev/documentation/webdriver/troubleshooting/errors/driver_location
</status>
</test>
<status status="FAIL" start="2024-12-02T16:51:59.954087" elapsed="50.694325"/>
</suite>
<status status="FAIL" start="2024-12-02T16:51:59.941372" elapsed="50.707040"/>
</suite>
<statistics>
<total>
<stat pass="0" fail="1" skip="0">All Tests</stat>
</total>
<tag>
</tag>
<suite>
<stat pass="0" fail="1" skip="0" id="s1" name="Suites">Suites</stat>
<stat pass="0" fail="1" skip="0" id="s1-s1" name="LoginTestPOM">Suites.LoginTestPOM</stat>
</suite>
</statistics>
<errors>
</errors>
</robot>
