<?xml version="1.0" encoding="UTF-8"?>
<robot generator="Robot 7.0.1 (Python 3.11.9 on win32)" generated="2024-12-02T20:27:43.604837" rpa="false" schemaversion="5">
<suite id="s1" name="Suites">
<suite id="s1-s1" name="RegistartionTest" source="C:\KKK\Python\Python\kkk\robotframework\POMTestcases\RegistartionTest.robot">
<test id="s1-s1-t1" name="Login Test" line="11">
<kw name="Open my Browser" owner="RegistrationKeywords">
<kw name="Open Browser" owner="SeleniumLibrary">
<msg time="2024-12-02T20:27:44.494995" level="INFO">Opening browser 'headlesschrome' to base url 'https://www.demo.guru99.com/test/newtours/'.</msg>
<arg>${siteurl}</arg>
<arg>${browser}</arg>
<doc>Opens a new browser instance to the optional ``url``.</doc>
<status status="PASS" start="2024-12-02T20:27:44.494995" elapsed="5.874709"/>
</kw>
<kw name="Maximize Browser Window" owner="SeleniumLibrary">
<doc>Maximizes current browser window.</doc>
<status status="PASS" start="2024-12-02T20:27:50.369704" elapsed="0.038486"/>
</kw>
<arg>${url}</arg>
<arg>${Browser}</arg>
<status status="PASS" start="2024-12-02T20:27:44.494995" elapsed="5.913195"/>
</kw>
<kw name="Click Register Link" owner="RegistrationKeywords">
<kw name="Click Link" owner="SeleniumLibrary">
<msg time="2024-12-02T20:27:50.411221" level="INFO">Clicking link 'link:REGISTER'.</msg>
<arg>${link_Reg}</arg>
<doc>Clicks a link identified by ``locator``.</doc>
<status status="PASS" start="2024-12-02T20:27:50.408190" elapsed="0.801378"/>
</kw>
<status status="PASS" start="2024-12-02T20:27:50.408190" elapsed="0.801378"/>
</kw>
<kw name="Enter Firstname" owner="RegistrationKeywords">
<kw name="Input Text" owner="SeleniumLibrary">
<msg time="2024-12-02T20:27:51.212112" level="INFO">Typing text 'Random' into text field 'name:firstName'.</msg>
<arg>${txt_firstName}</arg>
<arg>${firstname}</arg>
<doc>Types the given ``text`` into the text field identified by ``locator``.</doc>
<status status="PASS" start="2024-12-02T20:27:51.211580" elapsed="0.190246"/>
</kw>
<arg>Random</arg>
<status status="PASS" start="2024-12-02T20:27:51.209568" elapsed="0.192258"/>
</kw>
<kw name="Enter Lastname" owner="RegistrationKeywords">
<kw name="Input Text" owner="SeleniumLibrary">
<msg time="2024-12-02T20:27:51.405021" level="INFO">Typing text 'Random' into text field 'name:lastName'.</msg>
<arg>${txt_lastName}</arg>
<arg>${lastname}</arg>
<doc>Types the given ``text`` into the text field identified by ``locator``.</doc>
<status status="PASS" start="2024-12-02T20:27:51.403507" elapsed="0.171787"/>
</kw>
<arg>Random</arg>
<status status="PASS" start="2024-12-02T20:27:51.403254" elapsed="0.172040"/>
</kw>
<kw name="Enter Phonenumber" owner="RegistrationKeywords">
<kw name="Input Text" owner="SeleniumLibrary">
<msg time="2024-12-02T20:27:51.575294" level="INFO">Typing text '9876543210' into text field 'name:phone'.</msg>
<arg>${txt_phone}</arg>
<arg>${mobnum}</arg>
<doc>Types the given ``text`` into the text field identified by ``locator``.</doc>
<status status="PASS" start="2024-12-02T20:27:51.575294" elapsed="0.199677"/>
</kw>
<arg>9876543210</arg>
<status status="PASS" start="2024-12-02T20:27:51.575294" elapsed="0.199677"/>
</kw>
<kw name="Enter Emailid" owner="RegistrationKeywords">
<kw name="Input Text" owner="SeleniumLibrary">
<msg time="2024-12-02T20:27:51.784758" level="INFO">Typing text 'randomregister@yopmail.com' into text field 'name:userName'.</msg>
<arg>${txt_email}</arg>
<arg>${emailid}</arg>
<doc>Types the given ``text`` into the text field identified by ``locator``.</doc>
<status status="PASS" start="2024-12-02T20:27:51.774971" elapsed="0.142588"/>
</kw>
<arg>randomregister@yopmail.com</arg>
<status status="PASS" start="2024-12-02T20:27:51.774971" elapsed="0.142588"/>
</kw>
<kw name="Enter Address" owner="RegistrationKeywords">
<kw name="Input Text" owner="SeleniumLibrary">
<msg time="2024-12-02T20:27:51.917559" level="INFO">Typing text 'Dubai main Road' into text field 'name:address1'.</msg>
<arg>${txt_add1}</arg>
<arg>${add1}</arg>
<doc>Types the given ``text`` into the text field identified by ``locator``.</doc>
<status status="PASS" start="2024-12-02T20:27:51.917559" elapsed="0.149421"/>
</kw>
<arg>Dubai main Road</arg>
<status status="PASS" start="2024-12-02T20:27:51.917559" elapsed="0.149421"/>
</kw>
<kw name="Enter CityName" owner="RegistrationKeywords">
<kw name="Input Text" owner="SeleniumLibrary">
<msg time="2024-12-02T20:27:52.066980" level="INFO">Typing text 'Dubai' into text field 'name:city'.</msg>
<arg>${txt_city}</arg>
<arg>${citi}</arg>
<doc>Types the given ``text`` into the text field identified by ``locator``.</doc>
<status status="PASS" start="2024-12-02T20:27:52.066980" elapsed="0.178051"/>
</kw>
<arg>Dubai</arg>
<status status="PASS" start="2024-12-02T20:27:52.066980" elapsed="0.178051"/>
</kw>
<kw name="Enter Statename" owner="RegistrationKeywords">
<kw name="Input Text" owner="SeleniumLibrary">
<msg time="2024-12-02T20:27:52.245031" level="INFO">Typing text 'Abudhabi' into text field 'name:state'.</msg>
<arg>${txt_state}</arg>
<arg>${state}</arg>
<doc>Types the given ``text`` into the text field identified by ``locator``.</doc>
<status status="PASS" start="2024-12-02T20:27:52.245031" elapsed="0.114662"/>
</kw>
<arg>Abudhabi</arg>
<status status="PASS" start="2024-12-02T20:27:52.245031" elapsed="0.114662"/>
</kw>
<kw name="Enter Pincode" owner="RegistrationKeywords">
<kw name="Input Text" owner="SeleniumLibrary">
<msg time="2024-12-02T20:27:52.363206" level="INFO">Typing text '123456' into text field 'name:postalCode'.</msg>
<arg>${txt_postcode}</arg>
<arg>${pincode}</arg>
<doc>Types the given ``text`` into the text field identified by ``locator``.</doc>
<status status="PASS" start="2024-12-02T20:27:52.359693" elapsed="0.106113"/>
</kw>
<arg>123456</arg>
<status status="PASS" start="2024-12-02T20:27:52.359693" elapsed="0.106113"/>
</kw>
<kw name="Select Country" owner="RegistrationKeywords">
<kw name="Select From List By Label" owner="SeleniumLibrary">
<msg time="2024-12-02T20:27:52.465806" level="INFO">Selecting options from selection list 'name:country' by label UNITED ARAB EMIRATES.</msg>
<arg>${drp_country}</arg>
<arg>${country}</arg>
<doc>Selects options from selection list ``locator`` by ``labels``.</doc>
<status status="PASS" start="2024-12-02T20:27:52.465806" elapsed="0.123267"/>
</kw>
<arg>UNITED ARAB EMIRATES</arg>
<status status="PASS" start="2024-12-02T20:27:52.465806" elapsed="0.123267"/>
</kw>
<kw name="Enter Login_username" owner="RegistrationKeywords">
<kw name="Input Text" owner="SeleniumLibrary">
<msg time="2024-12-02T20:27:52.592816" level="INFO">Typing text 'randomregister' into text field 'name:email'.</msg>
<arg>${txt_userName}</arg>
<arg>${username}</arg>
<doc>Types the given ``text`` into the text field identified by ``locator``.</doc>
<status status="PASS" start="2024-12-02T20:27:52.592816" elapsed="0.125915"/>
</kw>
<arg>randomregister</arg>
<status status="PASS" start="2024-12-02T20:27:52.589073" elapsed="0.129658"/>
</kw>
<kw name="Enter Login_password" owner="RegistrationKeywords">
<kw name="Input Password" owner="SeleniumLibrary">
<msg time="2024-12-02T20:27:52.718731" level="INFO">Typing password into text field 'name:password'.</msg>
<msg time="2024-12-02T20:27:52.770130" level="INFO">Temporally setting log level to: NONE</msg>
<arg>${txt_Password}</arg>
<arg>${Password}</arg>
<doc>Types the given password into the text field identified by ``locator``.</doc>
<status status="PASS" start="2024-12-02T20:27:52.718731" elapsed="0.119292"/>
</kw>
<arg>randomregister</arg>
<status status="PASS" start="2024-12-02T20:27:52.718731" elapsed="0.119292"/>
</kw>
<kw name="Enter Confirm_password" owner="RegistrationKeywords">
<kw name="Input Password" owner="SeleniumLibrary">
<msg time="2024-12-02T20:27:52.842778" level="INFO">Typing password into text field 'name:confirmPassword'.</msg>
<msg time="2024-12-02T20:27:52.895008" level="INFO">Temporally setting log level to: NONE</msg>
<arg>${txt_ConfirmPassword}</arg>
<arg>${CFMPassword}</arg>
<doc>Types the given password into the text field identified by ``locator``.</doc>
<status status="PASS" start="2024-12-02T20:27:52.842778" elapsed="0.120562"/>
</kw>
<arg>randomregister</arg>
<status status="PASS" start="2024-12-02T20:27:52.838023" elapsed="0.125317"/>
</kw>
<kw name="Click Submit" owner="RegistrationKeywords">
<kw name="Click Button" owner="SeleniumLibrary">
<msg time="2024-12-02T20:27:52.964851" level="INFO">Clicking button 'name:submit'.</msg>
<arg>${btn_submit}</arg>
<doc>Clicks the button identified by ``locator``.</doc>
<status status="PASS" start="2024-12-02T20:27:52.963340" elapsed="1.231527"/>
</kw>
<status status="PASS" start="2024-12-02T20:27:52.963340" elapsed="1.235196"/>
</kw>
<kw name="Verify Registration successful" owner="RegistrationKeywords">
<kw name="Page Should Contain" owner="SeleniumLibrary">
<msg time="2024-12-02T20:27:54.214939" level="INFO">Current page contains text 'Thank you for registering.'.</msg>
<arg>Thank you for registering.</arg>
<doc>Verifies that current page contains ``text``.</doc>
<status status="PASS" start="2024-12-02T20:27:54.199209" elapsed="0.019336"/>
</kw>
<status status="PASS" start="2024-12-02T20:27:54.198619" elapsed="0.019926"/>
</kw>
<kw name="Close my browser" owner="RegistrationKeywords">
<kw name="Close All Browsers" owner="SeleniumLibrary">
<doc>Closes all open browsers and resets the browser cache.</doc>
<status status="PASS" start="2024-12-02T20:27:54.218545" elapsed="7.212751"/>
</kw>
<status status="PASS" start="2024-12-02T20:27:54.218545" elapsed="7.212751"/>
</kw>
<status status="PASS" start="2024-12-02T20:27:44.494995" elapsed="16.936301"/>
</test>
<status status="PASS" start="2024-12-02T20:27:43.695002" elapsed="17.736294"/>
</suite>
<status status="PASS" start="2024-12-02T20:27:43.674795" elapsed="17.770283"/>
</suite>
<statistics>
<total>
<stat pass="1" fail="0" skip="0">All Tests</stat>
</total>
<tag>
</tag>
<suite>
<stat pass="1" fail="0" skip="0" id="s1" name="Suites">Suites</stat>
<stat pass="1" fail="0" skip="0" id="s1-s1" name="RegistartionTest">Suites.RegistartionTest</stat>
</suite>
</statistics>
<errors>
</errors>
</robot>
