<?xml version="1.0" encoding="UTF-8"?>
<robot generator="Robot 7.0.1 (Python 3.11.9 on win32)" generated="2024-12-02T20:27:43.604837" rpa="false" schemaversion="5">
<suite id="s1" name="Suites">
<suite id="s1-s1" name="LoginTestPOM" source="C:\KKK\Python\Python\kkk\robotframework\POMTestcases\LoginTestPOM.robot">
<test id="s1-s1-t1" name="Login Test" line="14">
<kw name="Open my Browser" owner="login_keywords">
<kw name="Open Browser" owner="SeleniumLibrary">
<msg time="2024-12-02T20:27:44.489487" level="INFO">Opening browser 'headlessfirefox' to base url 'https://www.demo.guru99.com/test/newtours/'.</msg>
<arg>${siteurl}</arg>
<arg>${browser}</arg>
<doc>Opens a new browser instance to the optional ``url``.</doc>
<status status="PASS" start="2024-12-02T20:27:44.489487" elapsed="79.531361"/>
</kw>
<kw name="Maximize Browser Window" owner="SeleniumLibrary">
<doc>Maximizes current browser window.</doc>
<status status="PASS" start="2024-12-02T20:29:04.020848" elapsed="0.012701"/>
</kw>
<arg>${url}</arg>
<arg>${Browser}</arg>
<status status="PASS" start="2024-12-02T20:27:44.489487" elapsed="79.544062"/>
</kw>
<kw name="Enter Login username" owner="login_keywords">
<kw name="Input Text" owner="SeleniumLibrary">
<msg time="2024-12-02T20:29:04.033549" level="INFO">Typing text 'tutorial' into text field 'name:userName'.</msg>
<arg>${txt_loginusername}</arg>
<arg>${username}</arg>
<doc>Types the given ``text`` into the text field identified by ``locator``.</doc>
<status status="PASS" start="2024-12-02T20:29:04.033549" elapsed="0.095673"/>
</kw>
<arg>${UserName}</arg>
<status status="PASS" start="2024-12-02T20:29:04.033549" elapsed="0.095673"/>
</kw>
<kw name="Enter Login password" owner="login_keywords">
<kw name="Input Password" owner="SeleniumLibrary">
<msg time="2024-12-02T20:29:04.134221" level="INFO">Typing password into text field 'name:password'.</msg>
<msg time="2024-12-02T20:29:04.144226" level="INFO">Temporally setting log level to: NONE</msg>
<arg>${txt_loginpassword}</arg>
<arg>${Password}</arg>
<doc>Types the given password into the text field identified by ``locator``.</doc>
<status status="PASS" start="2024-12-02T20:29:04.129222" elapsed="0.030531"/>
</kw>
<arg>${PassWord}</arg>
<status status="PASS" start="2024-12-02T20:29:04.129222" elapsed="0.030531"/>
</kw>
<kw name="Click SignIn" owner="login_keywords">
<kw name="Click Button" owner="SeleniumLibrary">
<msg time="2024-12-02T20:29:04.159753" level="INFO">Clicking button 'name:submit'.</msg>
<arg>${btn_signIn}</arg>
<doc>Clicks the button identified by ``locator``.</doc>
<status status="PASS" start="2024-12-02T20:29:04.159753" elapsed="1.559624"/>
</kw>
<status status="PASS" start="2024-12-02T20:29:04.159753" elapsed="1.559624"/>
</kw>
<kw name="Sleep" owner="BuiltIn">
<msg time="2024-12-02T20:29:07.720048" level="INFO">Slept 2 seconds.</msg>
<arg>2</arg>
<doc>Pauses the test executed for the given time.</doc>
<status status="PASS" start="2024-12-02T20:29:05.719377" elapsed="2.001690"/>
</kw>
<kw name="Verify login" owner="login_keywords">
<kw name="Title Should Be" owner="SeleniumLibrary">
<msg time="2024-12-02T20:29:07.731144" level="INFO">Page title is 'Login: Mercury Tours'.</msg>
<arg>Login: Mercury Tours</arg>
<doc>Verifies that the current page title equals ``title``.</doc>
<status status="PASS" start="2024-12-02T20:29:07.723085" elapsed="0.008059"/>
</kw>
<status status="PASS" start="2024-12-02T20:29:07.721067" elapsed="0.010077"/>
</kw>
<kw name="Close my browser" owner="login_keywords">
<kw name="Close All Browsers" owner="SeleniumLibrary">
<doc>Closes all open browsers and resets the browser cache.</doc>
<status status="PASS" start="2024-12-02T20:29:07.736222" elapsed="9.967869"/>
</kw>
<status status="PASS" start="2024-12-02T20:29:07.731144" elapsed="9.973774"/>
</kw>
<status status="PASS" start="2024-12-02T20:27:44.489487" elapsed="93.215431"/>
</test>
<status status="PASS" start="2024-12-02T20:27:43.695002" elapsed="94.011012"/>
</suite>
<status status="PASS" start="2024-12-02T20:27:43.674795" elapsed="94.040999"/>
</suite>
<statistics>
<total>
<stat pass="1" fail="0" skip="0">All Tests</stat>
</total>
<tag>
</tag>
<suite>
<stat pass="1" fail="0" skip="0" id="s1" name="Suites">Suites</stat>
<stat pass="1" fail="0" skip="0" id="s1-s1" name="LoginTestPOM">Suites.LoginTestPOM</stat>
</suite>
</statistics>
<errors>
</errors>
</robot>
